[2024-10-09 11:47:21,964] INFO  [/home/rent/anaconda3/envs/yokohama/lib/python3.8/site-packages/django/utils/autoreload.py.run_with_reloader - 668]: Watching for file changes with StatReloader
[2024-10-09 11:47:28,388] INFO  [/home/rent/anaconda3/envs/yokohama/lib/python3.8/site-packages/django/utils/autoreload.py.trigger_reload - 266]: /home/rent/Documents/inventory_management/inventory_management_system/inventory_management_system/settings.py changed, reloading.
[2024-10-09 11:47:28,709] INFO  [/home/rent/anaconda3/envs/yokohama/lib/python3.8/site-packages/django/utils/autoreload.py.run_with_reloader - 668]: Watching for file changes with StatReloader
[2024-10-09 11:47:32,077] INFO  [/home/rent/anaconda3/envs/yokohama/lib/python3.8/site-packages/django/utils/autoreload.py.trigger_reload - 266]: /home/rent/Documents/inventory_management/inventory_management_system/inventory_management_system/settings.py changed, reloading.
[2024-10-09 11:47:32,414] INFO  [/home/rent/anaconda3/envs/yokohama/lib/python3.8/site-packages/django/utils/autoreload.py.run_with_reloader - 668]: Watching for file changes with StatReloader
[2024-10-09 11:49:35,703] INFO  [/home/rent/anaconda3/envs/yokohama/lib/python3.8/site-packages/django/utils/autoreload.py.trigger_reload - 266]: /home/rent/Documents/inventory_management/inventory_management_system/inventory_app/views.py changed, reloading.
[2024-10-09 11:49:36,044] INFO  [/home/rent/anaconda3/envs/yokohama/lib/python3.8/site-packages/django/utils/autoreload.py.run_with_reloader - 668]: Watching for file changes with StatReloader
[2024-10-09 11:50:28,025] WARNING  [/home/rent/anaconda3/envs/yokohama/lib/python3.8/site-packages/django/utils/log.py.log_response - 241]: Method Not Allowed: /login/
[2024-10-09 11:50:28,131] WARNING  [/home/rent/anaconda3/envs/yokohama/lib/python3.8/site-packages/django/utils/log.py.log_response - 241]: Not Found: /favicon.ico
[2024-10-09 11:57:45,646] INFO  [/home/rent/anaconda3/envs/yokohama/lib/python3.8/site-packages/django/utils/autoreload.py.trigger_reload - 266]: /home/rent/Documents/inventory_management/inventory_management_system/inventory_app/views.py changed, reloading.
[2024-10-09 11:57:46,138] INFO  [/home/rent/anaconda3/envs/yokohama/lib/python3.8/site-packages/django/utils/autoreload.py.run_with_reloader - 668]: Watching for file changes with StatReloader
[2024-10-09 11:57:53,654] INFO  [/home/rent/anaconda3/envs/yokohama/lib/python3.8/site-packages/django/utils/autoreload.py.trigger_reload - 266]: /home/rent/Documents/inventory_management/inventory_management_system/inventory_app/views.py changed, reloading.
[2024-10-09 11:57:54,086] INFO  [/home/rent/anaconda3/envs/yokohama/lib/python3.8/site-packages/django/utils/autoreload.py.run_with_reloader - 668]: Watching for file changes with StatReloader
[2024-10-09 11:57:58,509] INFO  [/home/rent/anaconda3/envs/yokohama/lib/python3.8/site-packages/django/utils/autoreload.py.trigger_reload - 266]: /home/rent/Documents/inventory_management/inventory_management_system/inventory_app/views.py changed, reloading.
[2024-10-09 11:57:59,026] INFO  [/home/rent/anaconda3/envs/yokohama/lib/python3.8/site-packages/django/utils/autoreload.py.run_with_reloader - 668]: Watching for file changes with StatReloader
[2024-10-09 11:58:11,585] INFO  [/home/rent/anaconda3/envs/yokohama/lib/python3.8/site-packages/django/utils/autoreload.py.trigger_reload - 266]: /home/rent/Documents/inventory_management/inventory_management_system/inventory_management_system/urls.py changed, reloading.
[2024-10-09 11:58:11,938] INFO  [/home/rent/anaconda3/envs/yokohama/lib/python3.8/site-packages/django/utils/autoreload.py.run_with_reloader - 668]: Watching for file changes with StatReloader
[2024-10-09 11:58:16,349] INFO  [/home/rent/anaconda3/envs/yokohama/lib/python3.8/site-packages/django/utils/autoreload.py.trigger_reload - 266]: /home/rent/Documents/inventory_management/inventory_management_system/inventory_management_system/urls.py changed, reloading.
[2024-10-09 11:58:16,691] INFO  [/home/rent/anaconda3/envs/yokohama/lib/python3.8/site-packages/django/utils/autoreload.py.run_with_reloader - 668]: Watching for file changes with StatReloader
[2024-10-09 11:58:20,083] INFO  [/home/rent/anaconda3/envs/yokohama/lib/python3.8/site-packages/django/utils/autoreload.py.trigger_reload - 266]: /home/rent/Documents/inventory_management/inventory_management_system/inventory_management_system/urls.py changed, reloading.
[2024-10-09 11:58:20,417] INFO  [/home/rent/anaconda3/envs/yokohama/lib/python3.8/site-packages/django/utils/autoreload.py.run_with_reloader - 668]: Watching for file changes with StatReloader
[2024-10-09 11:58:28,885] INFO  [/home/rent/anaconda3/envs/yokohama/lib/python3.8/site-packages/django/utils/autoreload.py.trigger_reload - 266]: /home/rent/Documents/inventory_management/inventory_management_system/inventory_app/urls.py changed, reloading.
[2024-10-09 11:58:29,223] INFO  [/home/rent/anaconda3/envs/yokohama/lib/python3.8/site-packages/django/utils/autoreload.py.run_with_reloader - 668]: Watching for file changes with StatReloader
[2024-10-09 11:58:32,604] INFO  [/home/rent/anaconda3/envs/yokohama/lib/python3.8/site-packages/django/utils/autoreload.py.trigger_reload - 266]: /home/rent/Documents/inventory_management/inventory_management_system/inventory_app/urls.py changed, reloading.
[2024-10-09 11:58:32,947] INFO  [/home/rent/anaconda3/envs/yokohama/lib/python3.8/site-packages/django/utils/autoreload.py.run_with_reloader - 668]: Watching for file changes with StatReloader
